<?xml version="1.0" encoding="UTF-8"?>
<!-- Generated by org.testng.reporters.JUnitReportReporter -->
<testsuite hostname="LAPTOP-KCK80MQ9" failures="0" tests="1" name="com.qaTNRegisterTest.RegisterTest" time="11.087" errors="0" timestamp="2024-01-06T22:26:58 EST" skipped="0">
  <testcase classname="com.qaTNRegisterTest.RegisterTest" name="registerWithValidcredentials" time="11.087"/>
</testsuite> <!-- com.qaTNRegisterTest.RegisterTest -->
